<?xml version="1.0" encoding="UTF-8"?>
<testsuite xmlns:xsi="http://www.w3.org/2001/XMLSchema-instance" xsi:noNamespaceSchemaLocation="https://maven.apache.org/surefire/maven-surefire-plugin/xsd/surefire-test-report.xsd" name="DispatcherServletTest" time="0.496" tests="10" errors="0" skipped="0" failures="7">
  <properties>
    <property name="sun.desktop" value="gnome"/>
    <property name="awt.toolkit" value="sun.awt.X11.XToolkit"/>
    <property name="java.specification.version" value="11"/>
    <property name="sun.cpu.isalist" value=""/>
    <property name="sun.jnu.encoding" value="UTF-8"/>
    <property name="java.class.path" value="/home/m2miage/didier/Documents/altea/tp-handcraft/target/test-classes:/home/m2miage/didier/Documents/altea/tp-handcraft/target/classes:/home/m2miage/didier/.m2/repository/javax/servlet/javax.servlet-api/3.1.0/javax.servlet-api-3.1.0.jar:/home/m2miage/didier/.m2/repository/org/junit/jupiter/junit-jupiter-api/5.3.2/junit-jupiter-api-5.3.2.jar:/home/m2miage/didier/.m2/repository/org/apiguardian/apiguardian-api/1.0.0/apiguardian-api-1.0.0.jar:/home/m2miage/didier/.m2/repository/org/opentest4j/opentest4j/1.1.1/opentest4j-1.1.1.jar:/home/m2miage/didier/.m2/repository/org/junit/platform/junit-platform-commons/1.3.2/junit-platform-commons-1.3.2.jar:/home/m2miage/didier/.m2/repository/org/junit/jupiter/junit-jupiter-engine/5.3.2/junit-jupiter-engine-5.3.2.jar:/home/m2miage/didier/.m2/repository/org/junit/platform/junit-platform-engine/1.3.2/junit-platform-engine-1.3.2.jar:/home/m2miage/didier/.m2/repository/org/mockito/mockito-core/2.23.4/mockito-core-2.23.4.jar:/home/m2miage/didier/.m2/repository/net/bytebuddy/byte-buddy/1.9.3/byte-buddy-1.9.3.jar:/home/m2miage/didier/.m2/repository/net/bytebuddy/byte-buddy-agent/1.9.3/byte-buddy-agent-1.9.3.jar:/home/m2miage/didier/.m2/repository/org/objenesis/objenesis/2.6/objenesis-2.6.jar:"/>
    <property name="java.vm.vendor" value="Oracle Corporation"/>
    <property name="sun.arch.data.model" value="64"/>
    <property name="java.vendor.url" value="http://java.oracle.com/"/>
    <property name="user.timezone" value=""/>
    <property name="java.vm.specification.version" value="11"/>
    <property name="os.name" value="Linux"/>
    <property name="sun.java.launcher" value="SUN_STANDARD"/>
    <property name="user.country" value="US"/>
    <property name="sun.boot.library.path" value="/local/didier/jdk-11.0.1/lib"/>
    <property name="sun.java.command" value="/home/m2miage/didier/Documents/altea/tp-handcraft/target/surefire/surefirebooter11594543577180078839.jar /home/m2miage/didier/Documents/altea/tp-handcraft/target/surefire 2019-01-14T11-05-36_411-jvmRun1 surefire5623587790173372287tmp surefire_01108306361666206125tmp"/>
    <property name="jdk.debug" value="release"/>
    <property name="surefire.test.class.path" value="/home/m2miage/didier/Documents/altea/tp-handcraft/target/test-classes:/home/m2miage/didier/Documents/altea/tp-handcraft/target/classes:/home/m2miage/didier/.m2/repository/javax/servlet/javax.servlet-api/3.1.0/javax.servlet-api-3.1.0.jar:/home/m2miage/didier/.m2/repository/org/junit/jupiter/junit-jupiter-api/5.3.2/junit-jupiter-api-5.3.2.jar:/home/m2miage/didier/.m2/repository/org/apiguardian/apiguardian-api/1.0.0/apiguardian-api-1.0.0.jar:/home/m2miage/didier/.m2/repository/org/opentest4j/opentest4j/1.1.1/opentest4j-1.1.1.jar:/home/m2miage/didier/.m2/repository/org/junit/platform/junit-platform-commons/1.3.2/junit-platform-commons-1.3.2.jar:/home/m2miage/didier/.m2/repository/org/junit/jupiter/junit-jupiter-engine/5.3.2/junit-jupiter-engine-5.3.2.jar:/home/m2miage/didier/.m2/repository/org/junit/platform/junit-platform-engine/1.3.2/junit-platform-engine-1.3.2.jar:/home/m2miage/didier/.m2/repository/org/mockito/mockito-core/2.23.4/mockito-core-2.23.4.jar:/home/m2miage/didier/.m2/repository/net/bytebuddy/byte-buddy/1.9.3/byte-buddy-1.9.3.jar:/home/m2miage/didier/.m2/repository/net/bytebuddy/byte-buddy-agent/1.9.3/byte-buddy-agent-1.9.3.jar:/home/m2miage/didier/.m2/repository/org/objenesis/objenesis/2.6/objenesis-2.6.jar:"/>
    <property name="sun.cpu.endian" value="little"/>
    <property name="user.home" value="/home/m2miage/didier"/>
    <property name="user.language" value="en"/>
    <property name="java.specification.vendor" value="Oracle Corporation"/>
    <property name="java.version.date" value="2018-10-16"/>
    <property name="java.home" value="/local/didier/jdk-11.0.1"/>
    <property name="file.separator" value="/"/>
    <property name="basedir" value="/home/m2miage/didier/Documents/altea/tp-handcraft"/>
    <property name="java.vm.compressedOopsMode" value="32-bit"/>
    <property name="line.separator" value="&#10;"/>
    <property name="java.specification.name" value="Java Platform API Specification"/>
    <property name="java.vm.specification.vendor" value="Oracle Corporation"/>
    <property name="java.awt.graphicsenv" value="sun.awt.X11GraphicsEnvironment"/>
    <property name="surefire.real.class.path" value="/home/m2miage/didier/Documents/altea/tp-handcraft/target/surefire/surefirebooter11594543577180078839.jar"/>
    <property name="sun.management.compiler" value="HotSpot 64-Bit Tiered Compilers"/>
    <property name="java.runtime.version" value="11.0.1+13"/>
    <property name="user.name" value="didier"/>
    <property name="path.separator" value=":"/>
    <property name="os.version" value="4.15.0-43-generic"/>
    <property name="java.runtime.name" value="OpenJDK Runtime Environment"/>
    <property name="file.encoding" value="UTF-8"/>
    <property name="java.vm.name" value="OpenJDK 64-Bit Server VM"/>
    <property name="java.vendor.version" value="18.9"/>
    <property name="localRepository" value="/home/m2miage/didier/.m2/repository"/>
    <property name="java.vendor.url.bug" value="http://bugreport.java.com/bugreport/"/>
    <property name="java.io.tmpdir" value="/tmp"/>
    <property name="java.version" value="11.0.1"/>
    <property name="user.dir" value="/home/m2miage/didier/Documents/altea/tp-handcraft"/>
    <property name="os.arch" value="amd64"/>
    <property name="java.vm.specification.name" value="Java Virtual Machine Specification"/>
    <property name="java.awt.printerjob" value="sun.print.PSPrinterJob"/>
    <property name="sun.os.patch.level" value="unknown"/>
    <property name="java.library.path" value="/opt/oracle/instantclient_11_2:/usr/java/packages/lib:/usr/lib64:/lib64:/lib:/usr/lib"/>
    <property name="java.vendor" value="Oracle Corporation"/>
    <property name="java.vm.info" value="mixed mode"/>
    <property name="java.vm.version" value="11.0.1+13"/>
    <property name="sun.io.unicode.encoding" value="UnicodeLittle"/>
    <property name="java.class.version" value="55.0"/>
  </properties>
  <testcase name="doGet_shouldReturn404_whenNotMethodIsFound" classname="DispatcherServletTest" time="0.367">
    <failure message="&#10;Wanted but not invoked:&#10;httpServletResponse.sendError(&#10;    404,&#10;    &quot;no mapping found for request uri /test&quot;&#10;);&#10;-&gt; at DispatcherServletTest.doGet_shouldReturn404_whenNotMethodIsFound(DispatcherServletTest.java:76)&#10;Actually, there were zero interactions with this mock.&#10;" type="org.mockito.exceptions.verification.WantedButNotInvoked">org.mockito.exceptions.verification.WantedButNotInvoked: 

Wanted but not invoked:
httpServletResponse.sendError(
    404,
    "no mapping found for request uri /test"
);
-> at DispatcherServletTest.doGet_shouldReturn404_whenNotMethodIsFound(DispatcherServletTest.java:76)
Actually, there were zero interactions with this mock.

	at DispatcherServletTest.doGet_shouldReturn404_whenNotMethodIsFound(DispatcherServletTest.java:76)
</failure>
    <system-out><![CDATA[Getting request for /test
]]></system-out>
  </testcase>
  <testcase name="registerController_doesNotRegisters_nonAnnotatedMethods" classname="DispatcherServletTest" time="0.006"/>
  <testcase name="registerController_throwsIllegalArgumentException_forNonControllerClasses" classname="DispatcherServletTest" time="0.005">
    <failure message="Expected java.lang.IllegalArgumentException to be thrown, but nothing was thrown." type="org.opentest4j.AssertionFailedError">org.opentest4j.AssertionFailedError: Expected java.lang.IllegalArgumentException to be thrown, but nothing was thrown.
	at DispatcherServletTest.registerController_throwsIllegalArgumentException_forNonControllerClasses(DispatcherServletTest.java:18)
</failure>
    <system-out><![CDATA[Analysing class java.lang.String
]]></system-out>
  </testcase>
  <testcase name="doGet_shouldReturnAResult_whenMethodSucceeds" classname="DispatcherServletTest" time="0.092">
    <failure message="&#10;Wanted but not invoked:&#10;printWriter.print(&quot;Hello&quot;);&#10;-&gt; at DispatcherServletTest.doGet_shouldReturnAResult_whenMethodSucceeds(DispatcherServletTest.java:110)&#10;Actually, there were zero interactions with this mock.&#10;" type="org.mockito.exceptions.verification.WantedButNotInvoked">org.mockito.exceptions.verification.WantedButNotInvoked: 

Wanted but not invoked:
printWriter.print("Hello");
-> at DispatcherServletTest.doGet_shouldReturnAResult_whenMethodSucceeds(DispatcherServletTest.java:110)
Actually, there were zero interactions with this mock.

	at DispatcherServletTest.doGet_shouldReturnAResult_whenMethodSucceeds(DispatcherServletTest.java:110)
</failure>
    <system-out><![CDATA[Analysing class SomeControllerClass
Registering method someGoodMethod
Registering method someThrowingMethod
Registering method someThrowingMethod
Getting request for /test
]]></system-out>
  </testcase>
  <testcase name="doGet_shouldReturnAResult_forHelloController" classname="DispatcherServletTest" time="0.002">
    <failure message="&#10;Wanted but not invoked:&#10;printWriter.print(&quot;Hello World !&quot;);&#10;-&gt; at DispatcherServletTest.doGet_shouldReturnAResult_forHelloController(DispatcherServletTest.java:146)&#10;Actually, there were zero interactions with this mock.&#10;" type="org.mockito.exceptions.verification.WantedButNotInvoked">org.mockito.exceptions.verification.WantedButNotInvoked: 

Wanted but not invoked:
printWriter.print("Hello World !");
-> at DispatcherServletTest.doGet_shouldReturnAResult_forHelloController(DispatcherServletTest.java:146)
Actually, there were zero interactions with this mock.

	at DispatcherServletTest.doGet_shouldReturnAResult_forHelloController(DispatcherServletTest.java:146)
</failure>
    <system-out><![CDATA[Analysing class HelloController
Registering method sayHello
Registering method sayGoodBye
Registering method explode
Getting request for /hello
]]></system-out>
  </testcase>
  <testcase name="doGet_shouldReturnAResult_whenMethodWithParametersSucceeds" classname="DispatcherServletTest" time="0.002">
    <failure message="&#10;Wanted but not invoked:&#10;printWriter.print(&quot;12&quot;);&#10;-&gt; at DispatcherServletTest.doGet_shouldReturnAResult_whenMethodWithParametersSucceeds(DispatcherServletTest.java:129)&#10;Actually, there were zero interactions with this mock.&#10;" type="org.mockito.exceptions.verification.WantedButNotInvoked">org.mockito.exceptions.verification.WantedButNotInvoked: 

Wanted but not invoked:
printWriter.print("12");
-> at DispatcherServletTest.doGet_shouldReturnAResult_whenMethodWithParametersSucceeds(DispatcherServletTest.java:129)
Actually, there were zero interactions with this mock.

	at DispatcherServletTest.doGet_shouldReturnAResult_whenMethodWithParametersSucceeds(DispatcherServletTest.java:129)
</failure>
    <system-out><![CDATA[Analysing class SomeControllerClass
Registering method someGoodMethod
Registering method someThrowingMethod
Registering method someThrowingMethod
Getting request for /test-with-params
]]></system-out>
  </testcase>
  <testcase name="doGet_shouldReturn500WithMessage_whenMethodThrowsException" classname="DispatcherServletTest" time="0.002">
    <failure message="&#10;Wanted but not invoked:&#10;httpServletResponse.sendError(&#10;    500,&#10;    &quot;exception when calling method someThrowingMethod : some exception message&quot;&#10;);&#10;-&gt; at DispatcherServletTest.doGet_shouldReturn500WithMessage_whenMethodThrowsException(DispatcherServletTest.java:91)&#10;Actually, there were zero interactions with this mock.&#10;" type="org.mockito.exceptions.verification.WantedButNotInvoked">org.mockito.exceptions.verification.WantedButNotInvoked: 

Wanted but not invoked:
httpServletResponse.sendError(
    500,
    "exception when calling method someThrowingMethod : some exception message"
);
-> at DispatcherServletTest.doGet_shouldReturn500WithMessage_whenMethodThrowsException(DispatcherServletTest.java:91)
Actually, there were zero interactions with this mock.

	at DispatcherServletTest.doGet_shouldReturn500WithMessage_whenMethodThrowsException(DispatcherServletTest.java:91)
</failure>
    <system-out><![CDATA[Analysing class SomeControllerClass
Registering method someGoodMethod
Registering method someThrowingMethod
Registering method someThrowingMethod
Getting request for /test-throwing
]]></system-out>
  </testcase>
  <testcase name="registerController_doesNotRegisters_voidReturningMethods" classname="DispatcherServletTest" time="0.002">
    <failure message="expected: &lt;true&gt; but was: &lt;false&gt;" type="org.opentest4j.AssertionFailedError"><![CDATA[org.opentest4j.AssertionFailedError: expected: <true> but was: <false>
	at DispatcherServletTest.registerController_doesNotRegisters_voidReturningMethods(DispatcherServletTest.java:39)
]]></failure>
    <system-out><![CDATA[Analysing class SomeControllerClassWithAVoidMethod
Registering method myMethod
]]></system-out>
  </testcase>
  <testcase name="registerHelloController_shouldWorkCorrectly" classname="DispatcherServletTest" time="0.001"/>
  <testcase name="registerController_shouldRegisterCorrectyMethods" classname="DispatcherServletTest" time="0.001"/>
</testsuite>